#
# A fatal error has been detected by the Java Runtime Environment:
#
#  SIGSEGV (0xb) at pc=0x00007f0a359d8cf0, pid=4869, tid=139679230949120
#
# JRE version: OpenJDK Runtime Environment (7.0_79-b14) (build 1.7.0_79-b14)
# Java VM: OpenJDK 64-Bit Server VM (24.79-b02 mixed mode linux-amd64 compressed oops)
# Derivative: IcedTea 2.5.5
# Distribution: Ubuntu 14.04 LTS, package 7u79-2.5.5-0ubuntu0.14.04.2
# Problematic frame:
# C  [libdbus-1.so.3+0x25cf0]
#
# Failed to write core dump. Core dumps have been disabled. To enable core dumping, try "ulimit -c unlimited" before starting Java again
#
# If you would like to submit a bug report, please include
# instructions on how to reproduce the bug and visit:
#   http://icedtea.classpath.org/bugzilla
#

---------------  T H R E A D  ---------------

Current thread is native thread

siginfo:si_signo=SIGSEGV: si_errno=0, si_code=1 (SEGV_MAPERR), si_addr=0x0000000000000008

Registers:
RAX=0x0000000000000000, RBX=0x0000000000000000, RCX=0x0000000000000000, RDX=0x0000000000000000
RSP=0x00007f099af16078, RBP=0x00007f0a1000a9e0, RSI=0x0000000000000000, RDI=0x00007f0a1000aa50
R8 =0x00007f0a1000aa30, R9 =0x00007f0a10117f50, R10=0x0000000000000000, R11=0x0000000000000000
R12=0x00007f0a1000aa50, R13=0x0000000000000000, R14=0x00007f0a10002d00, R15=0x0000000000000080
RIP=0x00007f0a359d8cf0, EFLAGS=0x0000000000010206, CSGSFS=0x0000000000000033, ERR=0x0000000000000004
  TRAPNO=0x000000000000000e

Top of Stack: (sp=0x00007f099af16078)
0x00007f099af16078:   00007f0a359d8d69 00007f0a1000dc50
0x00007f099af16088:   00007f0a359c9b11 00007f0a1000a9e0
0x00007f099af16098:   0000000000000080 00007f0a10002db8
0x00007f099af160a8:   00007f0a359d635b 00007f0a00000000
0x00007f099af160b8:   0000000000000000 00007f0a00000000
0x00007f099af160c8:   0000000000000000 00007f099af16100
0x00007f099af160d8:   00007f099af160f8 00007f099af160f4
0x00007f099af160e8:   00007f099af16108 00000000100038c8
0x00007f099af160f8:   00007f0a1000a9e8 00007f0a1000aa30
0x00007f099af16108:   0000000000000000 00007f099af16128
0x00007f099af16118:   0000000000000001 0000000000000000
0x00007f099af16128:   00007f099af16160 00007f0a10002d00
0x00007f099af16138:   0000000000000001 0000000000000004
0x00007f099af16148:   00007f0a359d65f8 000000009af161b0
0x00007f099af16158:   00000000359d8efe 0004000500000068
0x00007f099af16168:   00007f0a1000db40 00007f099af16188
0x00007f099af16178:   00007f0a10002d00 00007f0a1000db40
0x00007f099af16188:   0000000000000007 00000000ffffffff
0x00007f099af16198:   00007f0a1000a9e0 0000000000000000
0x00007f099af161a8:   00007f0a359d53ff 00007f099af161c8
0x00007f099af161b8:   ffffffff00000007 0000000000000000
0x00007f099af161c8:   00007f0a359bf9fc 00007f0a1000db40
0x00007f099af161d8:   00007f0a1000db40 00007f0a1000a9e0
0x00007f099af161e8:   00000000ffffffff 00007f0a1000a9e0
0x00007f099af161f8:   00007f0a359bfba4 00007f0a1000dcf0
0x00007f099af16208:   00007f0a359c0351 000000000002006c
0x00007f099af16218:   00007f0a359d8efe 00007f0a10002d00
0x00007f099af16228:   00007f0a1000db40 00007f099af16248
0x00007f099af16238:   00007f0a359be129 00007f0a1000db40
0x00007f099af16248:   0000000000000000 00007f099af162f8
0x00007f099af16258:   00007f0a1000db40 0000000000000001
0x00007f099af16268:   00007f0a359bfeaf 00007f0a1000a9e0 

Instructions: (pc=0x00007f0a359d8cf0)
0x00007f0a359d8cd0:   10 c3 66 0f 1f 44 00 00 48 89 12 48 89 52 08 48
0x00007f0a359d8ce0:   89 17 c3 0f 1f 44 00 00 48 89 d6 e9 90 fe ff ff
0x00007f0a359d8cf0:   48 8b 46 08 48 39 f0 74 47 48 8b 16 48 89 42 08
0x00007f0a359d8d00:   48 8b 46 08 48 8b 16 48 89 10 48 39 37 74 11 48 

Register to memory mapping:

RAX=0x0000000000000000 is an unknown value
RBX=0x0000000000000000 is an unknown value
RCX=0x0000000000000000 is an unknown value
RDX=0x0000000000000000 is an unknown value
RSP=0x00007f099af16078 is an unknown value
RBP=0x00007f0a1000a9e0 is an unknown value
RSI=0x0000000000000000 is an unknown value
RDI=0x00007f0a1000aa50 is an unknown value
R8 =0x00007f0a1000aa30 is an unknown value
R9 =0x00007f0a10117f50 is an unknown value
R10=0x0000000000000000 is an unknown value
R11=0x0000000000000000 is an unknown value
R12=0x00007f0a1000aa50 is an unknown value
R13=0x0000000000000000 is an unknown value
R14=0x00007f0a10002d00 is an unknown value
R15=0x0000000000000080 is an unknown value


Stack: [0x00007f099ae17000,0x00007f099af18000],  sp=0x00007f099af16078,  free space=1020k
Native frames: (J=compiled Java code, j=interpreted, Vv=VM code, C=native code)
C  [libdbus-1.so.3+0x25cf0]


---------------  P R O C E S S  ---------------

VM state:not at safepoint (normal execution)

VM Mutex/Monitor currently owned by a thread: None

Heap
 PSYoungGen      total 33280K, used 12811K [0x00000000ec300000, 0x00000000f0500000, 0x0000000100000000)
  eden space 30720K, 34% used [0x00000000ec300000,0x00000000ecd36790,0x00000000ee100000)
  from space 2560K, 91% used [0x00000000ee100000,0x00000000ee34c840,0x00000000ee380000)
  to   space 3072K, 0% used [0x00000000f0200000,0x00000000f0200000,0x00000000f0500000)
 ParOldGen       total 40448K, used 85K [0x00000000c4a00000, 0x00000000c7180000, 0x00000000ec300000)
  object space 40448K, 0% used [0x00000000c4a00000,0x00000000c4a156f8,0x00000000c7180000)
 PSPermGen       total 21504K, used 11835K [0x00000000ba400000, 0x00000000bb900000, 0x00000000c4a00000)
  object space 21504K, 55% used [0x00000000ba400000,0x00000000baf8ec38,0x00000000bb900000)

Card table byte_map: [0x00007f0a6b3e0000,0x00007f0a6b60f000] byte_map_base: 0x00007f0a6ae0e000

Polling page: 0x00007f0a764ff000

Code Cache  [0x00007f0a6b60f000, 0x00007f0a6b87f000, 0x00007f0a6e60f000)
 total_blobs=681 nmethods=255 adapters=379 free_code_cache=48197Kb largest_free_block=49313792

Compilation events (10 events):
Event: 7,265 Thread 0x00007f0a700b1800  255             java.util.concurrent.locks.ReentrantLock$NonfairSync::lock (25 bytes)
Event: 7,273 Thread 0x00007f0a700af000  256             java.util.concurrent.locks.ReentrantLock::lock (8 bytes)
Event: 7,277 Thread 0x00007f0a700af000 nmethod 256 0x00007f0a6b701450 code [0x00007f0a6b7015c0, 0x00007f0a6b701748]
Event: 7,277 Thread 0x00007f0a700af000  257 % !         java.lang.ref.Reference$ReferenceHandler::run @ 0 (108 bytes)
Event: 7,292 Thread 0x00007f0a700b1800 nmethod 255 0x00007f0a6b701010 code [0x00007f0a6b701180, 0x00007f0a6b7012e8]
Event: 7,292 Thread 0x00007f0a700b1800  258 % !         java.lang.ref.Finalizer$FinalizerThread::run @ 33 (55 bytes)
Event: 7,294 Thread 0x00007f0a700af000 nmethod 257% 0x00007f0a6b700610 code [0x00007f0a6b7007a0, 0x00007f0a6b700d58]
Event: 7,294 Thread 0x00007f0a700af000  259             java.util.concurrent.locks.AbstractOwnableSynchronizer::setExclusiveOwnerThread (6 bytes)
Event: 7,294 Thread 0x00007f0a700af000 nmethod 259 0x00007f0a6b6fb190 code [0x00007f0a6b6fb2c0, 0x00007f0a6b6fb338]
Event: 7,296 Thread 0x00007f0a700b1800 nmethod 258% 0x00007f0a6b68fb90 code [0x00007f0a6b68fd00, 0x00007f0a6b68fe78]

GC Heap History (10 events):
Event: 5,849 GC heap before
{Heap before GC invocations=1 (full 0):
 PSYoungGen      total 17920K, used 15360K [0x00000000ec300000, 0x00000000ed700000, 0x0000000100000000)
  eden space 15360K, 100% used [0x00000000ec300000,0x00000000ed200000,0x00000000ed200000)
  from space 2560K, 0% used [0x00000000ed480000,0x00000000ed480000,0x00000000ed700000)
  to   space 2560K, 0% used [0x00000000ed200000,0x00000000ed200000,0x00000000ed480000)
 ParOldGen       total 40448K, used 0K [0x00000000c4a00000, 0x00000000c7180000, 0x00000000ec300000)
  object space 40448K, 0% used [0x00000000c4a00000,0x00000000c4a00000,0x00000000c7180000)
 PSPermGen       total 21504K, used 11685K [0x00000000ba400000, 0x00000000bb900000, 0x00000000c4a00000)
  object space 21504K, 54% used [0x00000000ba400000,0x00000000baf69678,0x00000000bb900000)
Event: 5,864 GC heap after
Heap after GC invocations=1 (full 0):
 PSYoungGen      total 17920K, used 2548K [0x00000000ec300000, 0x00000000ed700000, 0x0000000100000000)
  eden space 15360K, 0% used [0x00000000ec300000,0x00000000ec300000,0x00000000ed200000)
  from space 2560K, 99% used [0x00000000ed200000,0x00000000ed47d2e0,0x00000000ed480000)
  to   space 2560K, 0% used [0x00000000ed480000,0x00000000ed480000,0x00000000ed700000)
 ParOldGen       total 40448K, used 61K [0x00000000c4a00000, 0x00000000c7180000, 0x00000000ec300000)
  object space 40448K, 0% used [0x00000000c4a00000,0x00000000c4a0f6f8,0x00000000c7180000)
 PSPermGen       total 21504K, used 11685K [0x00000000ba400000, 0x00000000bb900000, 0x00000000c4a00000)
  object space 21504K, 54% used [0x00000000ba400000,0x00000000baf69678,0x00000000bb900000)
}
Event: 6,027 GC heap before
{Heap before GC invocations=2 (full 0):
 PSYoungGen      total 17920K, used 17908K [0x00000000ec300000, 0x00000000ed700000, 0x0000000100000000)
  eden space 15360K, 100% used [0x00000000ec300000,0x00000000ed200000,0x00000000ed200000)
  from space 2560K, 99% used [0x00000000ed200000,0x00000000ed47d2e0,0x00000000ed480000)
  to   space 2560K, 0% used [0x00000000ed480000,0x00000000ed480000,0x00000000ed700000)
 ParOldGen       total 40448K, used 61K [0x00000000c4a00000, 0x00000000c7180000, 0x00000000ec300000)
  object space 40448K, 0% used [0x00000000c4a00000,0x00000000c4a0f6f8,0x00000000c7180000)
 PSPermGen       total 21504K, used 11787K [0x00000000ba400000, 0x00000000bb900000, 0x00000000c4a00000)
  object space 21504K, 54% used [0x00000000ba400000,0x00000000baf82d38,0x00000000bb900000)
Event: 6,035 GC heap after
Heap after GC invocations=2 (full 0):
 PSYoungGen      total 17920K, used 2114K [0x00000000ec300000, 0x00000000ee600000, 0x0000000100000000)
  eden space 15360K, 0% used [0x00000000ec300000,0x00000000ec300000,0x00000000ed200000)
  from space 2560K, 82% used [0x00000000ed480000,0x00000000ed690830,0x00000000ed700000)
  to   space 2560K, 0% used [0x00000000ed200000,0x00000000ed200000,0x00000000ed480000)
 ParOldGen       total 40448K, used 69K [0x00000000c4a00000, 0x00000000c7180000, 0x00000000ec300000)
  object space 40448K, 0% used [0x00000000c4a00000,0x00000000c4a116f8,0x00000000c7180000)
 PSPermGen       total 21504K, used 11787K [0x00000000ba400000, 0x00000000bb900000, 0x00000000c4a00000)
  object space 21504K, 54% used [0x00000000ba400000,0x00000000baf82d38,0x00000000bb900000)
}
Event: 6,327 GC heap before
{Heap before GC invocations=3 (full 0):
 PSYoungGen      total 17920K, used 17474K [0x00000000ec300000, 0x00000000ee600000, 0x0000000100000000)
  eden space 15360K, 100% used [0x00000000ec300000,0x00000000ed200000,0x00000000ed200000)
  from space 2560K, 82% used [0x00000000ed480000,0x00000000ed690830,0x00000000ed700000)
  to   space 2560K, 0% used [0x00000000ed200000,0x00000000ed200000,0x00000000ed480000)
 ParOldGen       total 40448K, used 69K [0x00000000c4a00000, 0x00000000c7180000, 0x00000000ec300000)
  object space 40448K, 0% used [0x00000000c4a00000,0x00000000c4a116f8,0x00000000c7180000)
 PSPermGen       total 21504K, used 11806K [0x00000000ba400000, 0x00000000bb900000, 0x00000000c4a00000)
  object space 21504K, 54% used [0x00000000ba400000,0x00000000baf87aa8,0x00000000bb900000)
Event: 6,344 GC heap after
Heap after GC invocations=3 (full 0):
 PSYoungGen      total 17920K, used 2176K [0x00000000ec300000, 0x00000000ee600000, 0x0000000100000000)
  eden space 15360K, 0% used [0x00000000ec300000,0x00000000ec300000,0x00000000ed200000)
  from space 2560K, 85% used [0x00000000ed200000,0x00000000ed420020,0x00000000ed480000)
  to   space 2560K, 0% used [0x00000000ee380000,0x00000000ee380000,0x00000000ee600000)
 ParOldGen       total 40448K, used 69K [0x00000000c4a00000, 0x00000000c7180000, 0x00000000ec300000)
  object space 40448K, 0% used [0x00000000c4a00000,0x00000000c4a116f8,0x00000000c7180000)
 PSPermGen       total 21504K, used 11806K [0x00000000ba400000, 0x00000000bb900000, 0x00000000c4a00000)
  object space 21504K, 54% used [0x00000000ba400000,0x00000000baf87aa8,0x00000000bb900000)
}
Event: 6,681 GC heap before
{Heap before GC invocations=4 (full 0):
 PSYoungGen      total 17920K, used 17536K [0x00000000ec300000, 0x00000000ee600000, 0x0000000100000000)
  eden space 15360K, 100% used [0x00000000ec300000,0x00000000ed200000,0x00000000ed200000)
  from space 2560K, 85% used [0x00000000ed200000,0x00000000ed420020,0x00000000ed480000)
  to   space 2560K, 0% used [0x00000000ee380000,0x00000000ee380000,0x00000000ee600000)
 ParOldGen       total 40448K, used 69K [0x00000000c4a00000, 0x00000000c7180000, 0x00000000ec300000)
  object space 40448K, 0% used [0x00000000c4a00000,0x00000000c4a116f8,0x00000000c7180000)
 PSPermGen       total 21504K, used 11814K [0x00000000ba400000, 0x00000000bb900000, 0x00000000c4a00000)
  object space 21504K, 54% used [0x00000000ba400000,0x00000000baf89a28,0x00000000bb900000)
Event: 6,689 GC heap after
Heap after GC invocations=4 (full 0):
 PSYoungGen      total 33280K, used 2324K [0x00000000ec300000, 0x00000000ee600000, 0x0000000100000000)
  eden space 30720K, 0% used [0x00000000ec300000,0x00000000ec300000,0x00000000ee100000)
  from space 2560K, 90% used [0x00000000ee380000,0x00000000ee5c5050,0x00000000ee600000)
  to   space 2560K, 0% used [0x00000000ee100000,0x00000000ee100000,0x00000000ee380000)
 ParOldGen       total 40448K, used 77K [0x00000000c4a00000, 0x00000000c7180000, 0x00000000ec300000)
  object space 40448K, 0% used [0x00000000c4a00000,0x00000000c4a136f8,0x00000000c7180000)
 PSPermGen       total 21504K, used 11814K [0x00000000ba400000, 0x00000000bb900000, 0x00000000c4a00000)
  object space 21504K, 54% used [0x00000000ba400000,0x00000000baf89a28,0x00000000bb900000)
}
Event: 7,266 GC heap before
{Heap before GC invocations=5 (full 0):
 PSYoungGen      total 33280K, used 33044K [0x00000000ec300000, 0x00000000ee600000, 0x0000000100000000)
  eden space 30720K, 100% used [0x00000000ec300000,0x00000000ee100000,0x00000000ee100000)
  from space 2560K, 90% used [0x00000000ee380000,0x00000000ee5c5050,0x00000000ee600000)
  to   space 2560K, 0% used [0x00000000ee100000,0x00000000ee100000,0x00000000ee380000)
 ParOldGen       total 40448K, used 77K [0x00000000c4a00000, 0x00000000c7180000, 0x00000000ec300000)
  object space 40448K, 0% used [0x00000000c4a00000,0x00000000c4a136f8,0x00000000c7180000)
 PSPermGen       total 21504K, used 11817K [0x00000000ba400000, 0x00000000bb900000, 0x00000000c4a00000)
  object space 21504K, 54% used [0x00000000ba400000,0x00000000baf8a628,0x00000000bb900000)
Event: 7,273 GC heap after
Heap after GC invocations=5 (full 0):
 PSYoungGen      total 33280K, used 2354K [0x00000000ec300000, 0x00000000f0500000, 0x0000000100000000)
  eden space 30720K, 0% used [0x00000000ec300000,0x00000000ec300000,0x00000000ee100000)
  from space 2560K, 91% used [0x00000000ee100000,0x00000000ee34c840,0x00000000ee380000)
  to   space 3072K, 0% used [0x00000000f0200000,0x00000000f0200000,0x00000000f0500000)
 ParOldGen       total 40448K, used 85K [0x00000000c4a00000, 0x00000000c7180000, 0x00000000ec300000)
  object space 40448K, 0% used [0x00000000c4a00000,0x00000000c4a156f8,0x00000000c7180000)
 PSPermGen       total 21504K, used 11817K [0x00000000ba400000, 0x00000000bb900000, 0x00000000c4a00000)
  object space 21504K, 54% used [0x00000000ba400000,0x00000000baf8a628,0x00000000bb900000)
}

Deoptimization events (10 events):
Event: 0,511 Thread 0x00007f0a7000e000 Uncommon trap: reason=class_check action=maybe_recompile pc=0x00007f0a6b68afe0 method=java.util.Properties$LineReader.readLine()I @ 62
Event: 0,670 Thread 0x00007f0a7000e000 Uncommon trap: reason=bimorphic action=maybe_recompile pc=0x00007f0a6b6960bc method=java.util.HashMap.getEntry(Ljava/lang/Object;)Ljava/util/HashMap$Entry; @ 68
Event: 0,673 Thread 0x00007f0a7000e000 Uncommon trap: reason=bimorphic action=maybe_recompile pc=0x00007f0a6b6960bc method=java.util.HashMap.getEntry(Ljava/lang/Object;)Ljava/util/HashMap$Entry; @ 68
Event: 0,673 Thread 0x00007f0a7000e000 Uncommon trap: reason=bimorphic action=maybe_recompile pc=0x00007f0a6b6960bc method=java.util.HashMap.getEntry(Ljava/lang/Object;)Ljava/util/HashMap$Entry; @ 68
Event: 0,675 Thread 0x00007f0a7000e000 Uncommon trap: reason=bimorphic action=maybe_recompile pc=0x00007f0a6b6960bc method=java.util.HashMap.getEntry(Ljava/lang/Object;)Ljava/util/HashMap$Entry; @ 68
Event: 0,676 Thread 0x00007f0a7000e000 Uncommon trap: reason=bimorphic action=maybe_recompile pc=0x00007f0a6b6968a8 method=java.util.HashMap.getEntry(Ljava/lang/Object;)Ljava/util/HashMap$Entry; @ 68
Event: 1,441 Thread 0x00007f0a7000e000 Uncommon trap: reason=class_check action=maybe_recompile pc=0x00007f0a6b68afe0 method=java.util.Properties$LineReader.readLine()I @ 62
Event: 1,441 Thread 0x00007f0a7000e000 Uncommon trap: reason=class_check action=maybe_recompile pc=0x00007f0a6b68afe0 method=java.util.Properties$LineReader.readLine()I @ 62
Event: 6,081 Thread 0x00007f09f0004000 Uncommon trap: reason=null_check action=make_not_entrant pc=0x00007f0a6b6c619c method=com.sun.jna.Native.getNativeSize(Ljava/lang/Class;Ljava/lang/Object;)I @ 83
Event: 6,723 Thread 0x00007f0a5c09e800 Uncommon trap: reason=null_check action=make_not_entrant pc=0x00007f0a6b6dc14c method=com.sun.jna.Native.getNativeSize(Ljava/lang/Class;)I @ 23

Internal exceptions (10 events):
Event: 5,894 Thread 0x00007f0a0c001000 Threw 0x00000000ec44b1a8 at /build/buildd/openjdk-7-7u79-2.5.5/build/openjdk/hotspot/src/share/vm/prims/jvm.cpp:1284
Event: 5,899 Thread 0x00007f0a0c001000 Threw 0x00000000ec4997f8 at /build/buildd/openjdk-7-7u79-2.5.5/build/openjdk/hotspot/src/share/vm/prims/jvm.cpp:1284
Event: 5,904 Thread 0x00007f0a0c001000 Threw 0x00000000ec4e6588 at /build/buildd/openjdk-7-7u79-2.5.5/build/openjdk/hotspot/src/share/vm/prims/jvm.cpp:1284
Event: 5,910 Thread 0x00007f0a0c005000 Threw 0x00000000ec534d88 at /build/buildd/openjdk-7-7u79-2.5.5/build/openjdk/hotspot/src/share/vm/prims/jvm.cpp:1284
Event: 5,915 Thread 0x00007f0a0c005000 Threw 0x00000000ec55b6f0 at /build/buildd/openjdk-7-7u79-2.5.5/build/openjdk/hotspot/src/share/vm/prims/jvm.cpp:1284
Event: 5,920 Thread 0x00007f0a0c005000 Threw 0x00000000ec5a8188 at /build/buildd/openjdk-7-7u79-2.5.5/build/openjdk/hotspot/src/share/vm/prims/jvm.cpp:1284
Event: 5,940 Thread 0x00007f0a0c00e800 Threw 0x00000000ec72b288 at /build/buildd/openjdk-7-7u79-2.5.5/build/openjdk/hotspot/src/share/vm/prims/jvm.cpp:1284
Event: 5,955 Thread 0x00007f0a04004000 Threw 0x00000000ec9466f8 at /build/buildd/openjdk-7-7u79-2.5.5/build/openjdk/hotspot/src/share/vm/prims/jvm.cpp:1284
Event: 5,959 Thread 0x00007f0a0c00e800 Threw 0x00000000ec9b9b68 at /build/buildd/openjdk-7-7u79-2.5.5/build/openjdk/hotspot/src/share/vm/prims/jvm.cpp:1284
Event: 6,539 Thread 0x00007f0a7050a800 Threw 0x00000000ecb0ff40 at /build/buildd/openjdk-7-7u79-2.5.5/build/openjdk/hotspot/src/share/vm/prims/jvm.cpp:1284

Events (10 events):
Event: 7,306 Thread 0x00007f0a702b8000 Thread added: 0x00007f0a702b8000
Event: 7,307 Thread 0x00007f09f009b800 Thread exited: 0x00007f09f009b800
Event: 7,307 Thread 0x00007f09f009c000 Thread exited: 0x00007f09f009c000
Event: 7,307 Thread 0x00007f0a702b8000 Thread exited: 0x00007f0a702b8000
Event: 7,307 Thread 0x00007f0a10125800 Thread added: 0x00007f0a10125800
Event: 7,308 Thread 0x00007f0a10125800 Thread exited: 0x00007f0a10125800
Event: 7,308 Thread 0x00007f0a10122800 Thread added: 0x00007f0a10122800
Event: 7,309 Thread 0x00007f0a10122800 Thread exited: 0x00007f0a10122800
Event: 7,309 Thread 0x00007f0a7027a800 Thread added: 0x00007f0a7027a800
Event: 7,310 Thread 0x00007f0a7027a800 Thread exited: 0x00007f0a7027a800


Dynamic libraries:
00400000-00401000 r-xp 00000000 08:01 3946180                            /usr/lib/jvm/java-7-openjdk-amd64/jre/bin/java
00600000-00601000 r--p 00000000 08:01 3946180                            /usr/lib/jvm/java-7-openjdk-amd64/jre/bin/java
00601000-00602000 rw-p 00001000 08:01 3946180                            /usr/lib/jvm/java-7-openjdk-amd64/jre/bin/java
009c9000-00b63000 rw-p 00000000 00:00 0                                  [heap]
ba400000-bb900000 rw-p 00000000 00:00 0 
bb900000-c4a00000 rw-p 00000000 00:00 0 
c4a00000-c7180000 rw-p 00000000 00:00 0 
c7180000-ec300000 rw-p 00000000 00:00 0 
ec300000-f0500000 rw-p 00000000 00:00 0 
f0500000-100000000 rw-p 00000000 00:00 0 
7f09992d0000-7f09992ed000 rw-s 00000000 00:04 7077968                    /SYSV00000000 (deleted)
7f09992ed000-7f099930a000 rw-s 00000000 00:04 7045199                    /SYSV00000000 (deleted)
7f099930a000-7f0999327000 rw-s 00000000 00:04 7012430                    /SYSV00000000 (deleted)
7f0999327000-7f0999344000 rw-s 00000000 00:04 6979661                    /SYSV00000000 (deleted)
7f0999344000-7f0999361000 rw-s 00000000 00:04 6946892                    /SYSV00000000 (deleted)
7f0999361000-7f099937e000 rw-s 00000000 00:04 6914123                    /SYSV00000000 (deleted)
7f099937e000-7f099939b000 rw-s 00000000 00:04 6881354                    /SYSV00000000 (deleted)
7f099939b000-7f09993b8000 rw-s 00000000 00:04 6848585                    /SYSV00000000 (deleted)
7f09993b8000-7f09993d5000 rw-s 00000000 00:04 6815816                    /SYSV00000000 (deleted)
7f09993d5000-7f09993f2000 rw-s 00000000 00:04 6783047                    /SYSV00000000 (deleted)
7f09993f2000-7f099940f000 rw-s 00000000 00:04 6750278                    /SYSV00000000 (deleted)
7f099940f000-7f099942c000 rw-s 00000000 00:04 6717509                    /SYSV00000000 (deleted)
7f099942c000-7f0999449000 rw-s 00000000 00:04 6684740                    /SYSV00000000 (deleted)
7f0999449000-7f0999466000 rw-s 00000000 00:04 6651971                    /SYSV00000000 (deleted)
7f0999466000-7f0999483000 rw-s 00000000 00:04 6619202                    /SYSV00000000 (deleted)
7f0999483000-7f09994a0000 rw-s 00000000 00:04 6586433                    /SYSV00000000 (deleted)
7f09994a0000-7f09994bd000 rw-s 00000000 00:04 6553664                    /SYSV00000000 (deleted)
7f09994bd000-7f09994da000 rw-s 00000000 00:04 6520895                    /SYSV00000000 (deleted)
7f09994da000-7f09994f7000 rw-s 00000000 00:04 6488126                    /SYSV00000000 (deleted)
7f09994f7000-7f0999514000 rw-s 00000000 00:04 6455357                    /SYSV00000000 (deleted)
7f0999514000-7f0999531000 rw-s 00000000 00:04 6422588                    /SYSV00000000 (deleted)
7f0999531000-7f099954e000 rw-s 00000000 00:04 6389819                    /SYSV00000000 (deleted)
7f099954e000-7f099956b000 rw-s 00000000 00:04 6357050                    /SYSV00000000 (deleted)
7f099956b000-7f0999588000 rw-s 00000000 00:04 6324281                    /SYSV00000000 (deleted)
7f0999588000-7f09995a5000 rw-s 00000000 00:04 6291512                    /SYSV00000000 (deleted)
7f09995a5000-7f09995c2000 rw-s 00000000 00:04 6258743                    /SYSV00000000 (deleted)
7f09995c2000-7f09995df000 rw-s 00000000 00:04 6225974                    /SYSV00000000 (deleted)
7f09995df000-7f09995fc000 rw-s 00000000 00:04 6193205                    /SYSV00000000 (deleted)
7f09995fc000-7f0999619000 rw-s 00000000 00:04 6160436                    /SYSV00000000 (deleted)
7f0999619000-7f0999636000 rw-s 00000000 00:04 6127667                    /SYSV00000000 (deleted)
7f0999636000-7f0999653000 rw-s 00000000 00:04 6094898                    /SYSV00000000 (deleted)
7f0999653000-7f0999670000 rw-s 00000000 00:04 6062129                    /SYSV00000000 (deleted)
7f0999670000-7f099968d000 rw-s 00000000 00:04 6029360                    /SYSV00000000 (deleted)
7f099968d000-7f09996aa000 rw-s 00000000 00:04 5996591                    /SYSV00000000 (deleted)
7f09996aa000-7f09996c7000 rw-s 00000000 00:04 5963822                    /SYSV00000000 (deleted)
7f09996c7000-7f09996e4000 rw-s 00000000 00:04 5931053                    /SYSV00000000 (deleted)
7f09996e4000-7f0999701000 rw-s 00000000 00:04 5898284                    /SYSV00000000 (deleted)
7f0999701000-7f099971e000 rw-s 00000000 00:04 5865515                    /SYSV00000000 (deleted)
7f099971e000-7f099973b000 rw-s 00000000 00:04 5832746                    /SYSV00000000 (deleted)
7f099973b000-7f0999758000 rw-s 00000000 00:04 5799977                    /SYSV00000000 (deleted)
7f0999758000-7f0999775000 rw-s 00000000 00:04 5767208                    /SYSV00000000 (deleted)
7f0999775000-7f0999792000 rw-s 00000000 00:04 5734439                    /SYSV00000000 (deleted)
7f0999792000-7f09997af000 rw-s 00000000 00:04 5701670                    /SYSV00000000 (deleted)
7f09997af000-7f09997cc000 rw-s 00000000 00:04 5668901                    /SYSV00000000 (deleted)
7f09997cc000-7f09997e9000 rw-s 00000000 00:04 5636132                    /SYSV00000000 (deleted)
7f09997e9000-7f0999806000 rw-s 00000000 00:04 5603363                    /SYSV00000000 (deleted)
7f0999806000-7f0999823000 rw-s 00000000 00:04 5570594                    /SYSV00000000 (deleted)
7f0999823000-7f0999840000 rw-s 00000000 00:04 5537825                    /SYSV00000000 (deleted)
7f0999840000-7f099985d000 rw-s 00000000 00:04 5505056                    /SYSV00000000 (deleted)
7f099985d000-7f099987a000 rw-s 00000000 00:04 5472287                    /SYSV00000000 (deleted)
7f099987a000-7f0999897000 rw-s 00000000 00:04 5439518                    /SYSV00000000 (deleted)
7f0999897000-7f0999898000 ---p 00000000 00:00 0 
7f0999898000-7f0999998000 rw-p 00000000 00:00 0                          [stack:5163]
7f0999998000-7f0999999000 ---p 00000000 00:00 0 
7f0999999000-7f0999a99000 rw-p 00000000 00:00 0                          [stack:5162]
7f0999a99000-7f0999a9a000 ---p 00000000 00:00 0 
7f0999a9a000-7f0999b9a000 rw-p 00000000 00:00 0                          [stack:5161]
7f0999b9a000-7f0999b9b000 ---p 00000000 00:00 0 
7f0999b9b000-7f0999c9b000 rw-p 00000000 00:00 0 
7f0999c9b000-7f0999c9c000 ---p 00000000 00:00 0 
7f0999c9c000-7f0999d9c000 rw-p 00000000 00:00 0                          [stack:5159]
7f0999d9c000-7f0999d9d000 ---p 00000000 00:00 0 
7f0999d9d000-7f0999e9d000 rw-p 00000000 00:00 0                          [stack:5158]
7f0999e9d000-7f0999e9e000 ---p 00000000 00:00 0 
7f0999e9e000-7f0999f9e000 rw-p 00000000 00:00 0                          [stack:5157]
7f0999f9e000-7f0999f9f000 ---p 00000000 00:00 0 
7f0999f9f000-7f099a09f000 rw-p 00000000 00:00 0                          [stack:5156]
7f099a09f000-7f099a0a0000 ---p 00000000 00:00 0 
7f099a0a0000-7f099a1a0000 rw-p 00000000 00:00 0                          [stack:5155]
7f099a1a0000-7f099a256000 r--p 00000000 08:01 5114032                    /usr/share/fonts/truetype/dejavu/DejaVuSans.ttf
7f099a256000-7f099a30c000 r--p 00000000 08:01 5114032                    /usr/share/fonts/truetype/dejavu/DejaVuSans.ttf
7f099a30c000-7f099a30d000 ---p 00000000 00:00 0 
7f099a30d000-7f099a40d000 rw-p 00000000 00:00 0                          [stack:5153]
7f099a40d000-7f099a40e000 ---p 00000000 00:00 0 
7f099a40e000-7f099a50e000 rw-p 00000000 00:00 0                          [stack:5152]
7f099a50e000-7f099a50f000 ---p 00000000 00:00 0 
7f099a50f000-7f099a60f000 rw-p 00000000 00:00 0                          [stack:5151]
7f099a60f000-7f099a610000 ---p 00000000 00:00 0 
7f099a610000-7f099a710000 rw-p 00000000 00:00 0                          [stack:5149]
7f099a710000-7f099a711000 ---p 00000000 00:00 0 
7f099a711000-7f099a811000 rw-p 00000000 00:00 0                          [stack:5154]
7f099a811000-7f099a812000 ---p 00000000 00:00 0 
7f099a812000-7f099a912000 rw-p 00000000 00:00 0                          [stack:5150]
7f099a912000-7f099a913000 ---p 00000000 00:00 0 
7f099a913000-7f099aa13000 rw-p 00000000 00:00 0                          [stack:5148]
7f099aa13000-7f099aa14000 ---p 00000000 00:00 0 
7f099aa14000-7f099ab14000 rw-p 00000000 00:00 0                          [stack:5145]
7f099ab14000-7f099ab15000 ---p 00000000 00:00 0 
7f099ab15000-7f099ac15000 rw-p 00000000 00:00 0                          [stack:5147]
7f099ac15000-7f099ac16000 ---p 00000000 00:00 0 
7f099ac16000-7f099ad16000 rw-p 00000000 00:00 0                          [stack:5146]
7f099ad16000-7f099ad17000 ---p 00000000 00:00 0 
7f099ad17000-7f099ae17000 rw-p 00000000 00:00 0                          [stack:5144]
7f099ae17000-7f099ae18000 ---p 00000000 00:00 0 
7f099ae18000-7f099af18000 rw-p 00000000 00:00 0                          [stack:5143]
7f099af18000-7f099af19000 ---p 00000000 00:00 0 
7f099af19000-7f099b019000 rw-p 00000000 00:00 0                          [stack:5142]
7f099b019000-7f099b01a000 ---p 00000000 00:00 0 
7f099b01a000-7f099b11a000 rw-p 00000000 00:00 0                          [stack:5141]
7f099b11a000-7f099b11b000 ---p 00000000 00:00 0 
7f099b11b000-7f099b21b000 rw-p 00000000 00:00 0                          [stack:5140]
7f099b21b000-7f099b21c000 ---p 00000000 00:00 0 
7f099b21c000-7f099b31c000 rw-p 00000000 00:00 0                          [stack:5138]
7f099b31c000-7f099b31d000 ---p 00000000 00:00 0 
7f099b31d000-7f099b41d000 rw-p 00000000 00:00 0                          [stack:5139]
7f099b41d000-7f099b41e000 ---p 00000000 00:00 0 
7f099b41e000-7f099b51e000 rw-p 00000000 00:00 0                          [stack:5134]
7f099b51e000-7f099b51f000 ---p 00000000 00:00 0 
7f099b51f000-7f099b61f000 rw-p 00000000 00:00 0                          [stack:5133]
7f099b61f000-7f099b620000 ---p 00000000 00:00 0 
7f099b620000-7f099b720000 rw-p 00000000 00:00 0                          [stack:5135]
7f099b720000-7f099b721000 ---p 00000000 00:00 0 
7f099b721000-7f099b821000 rw-p 00000000 00:00 0                          [stack:5132]
7f099b821000-7f099b822000 ---p 00000000 00:00 0 
7f099b822000-7f099b922000 rw-p 00000000 00:00 0                          [stack:5131]
7f099b922000-7f099b923000 ---p 00000000 00:00 0 
7f099b923000-7f099ba23000 rw-p 00000000 00:00 0                          [stack:5136]
7f099ba23000-7f099bad9000 r--p 00000000 08:01 5114032                    /usr/share/fonts/truetype/dejavu/DejaVuSans.ttf
7f099bad9000-7f099bb8f000 r--p 00000000 08:01 5114032                    /usr/share/fonts/truetype/dejavu/DejaVuSans.ttf
7f099bb8f000-7f099bb90000 ---p 00000000 00:00 0 
7f099bb90000-7f099bc90000 rw-p 00000000 00:00 0                          [stack:5137]
7f099bc90000-7f099bd46000 r--p 00000000 08:01 5114032                    /usr/share/fonts/truetype/dejavu/DejaVuSans.ttf
7f099bd46000-7f099bdfc000 r--p 00000000 08:01 5114032                    /usr/share/fonts/truetype/dejavu/DejaVuSans.ttf
7f099bdfc000-7f099bdfd000 ---p 00000000 00:00 0 
7f099bdfd000-7f099befd000 rw-p 00000000 00:00 0                          [stack:5128]
7f099befd000-7f099befe000 ---p 00000000 00:00 0 
7f099befe000-7f099bffe000 rw-p 00000000 00:00 0                          [stack:5129]
7f099bffe000-7f099c000000 r-xp 00000000 08:01 4332853                    /usr/lib/vlc/plugins/misc/libdbus_screensaver_plugin.so
7f099c000000-7f099c1ff000 ---p 00002000 08:01 4332853                    /usr/lib/vlc/plugins/misc/libdbus_screensaver_plugin.so
7f099c1ff000-7f099c200000 r--p 00001000 08:01 4332853                    /usr/lib/vlc/plugins/misc/libdbus_screensaver_plugin.so
7f099c200000-7f099c201000 rw-p 00002000 08:01 4332853                    /usr/lib/vlc/plugins/misc/libdbus_screensaver_plugin.so
7f099c201000-7f099c202000 ---p 00000000 00:00 0 
7f099c202000-7f099c302000 rw-p 00000000 00:00 0                          [stack:5130]
7f099c302000-7f099c303000 ---p 00000000 00:00 0 
7f099c303000-7f099c403000 rw-p 00000000 00:00 0                          [stack:5127]
7f099c403000-7f099c404000 ---p 00000000 00:00 0 
7f099c404000-7f099c504000 rw-p 00000000 00:00 0                          [stack:5126]
7f099c504000-7f099c506000 r-xp 00000000 08:01 3941467                    /usr/lib/x86_64-linux-gnu/libxcb-keysyms.so.1.0.0
7f099c506000-7f099c705000 ---p 00002000 08:01 3941467                    /usr/lib/x86_64-linux-gnu/libxcb-keysyms.so.1.0.0
7f099c705000-7f099c706000 r--p 00001000 08:01 3941467                    /usr/lib/x86_64-linux-gnu/libxcb-keysyms.so.1.0.0
7f099c706000-7f099c707000 rw-p 00002000 08:01 3941467                    /usr/lib/x86_64-linux-gnu/libxcb-keysyms.so.1.0.0
7f099c707000-7f099c70c000 r-xp 00000000 08:01 4202775                    /usr/lib/vlc/plugins/video_output/libxcb_window_plugin.so
7f099c70c000-7f099c90c000 ---p 00005000 08:01 4202775                    /usr/lib/vlc/plugins/video_output/libxcb_window_plugin.so
7f099c90c000-7f099c90d000 r--p 00005000 08:01 4202775                    /usr/lib/vlc/plugins/video_output/libxcb_window_plugin.so
7f099c90d000-7f099c90e000 rw-p 00006000 08:01 4202775                    /usr/lib/vlc/plugins/video_output/libxcb_window_plugin.so
7f099c90e000-7f099c90f000 ---p 00000000 00:00 0 
7f099c90f000-7f099ca0f000 rw-p 00000000 00:00 0                          [stack:5125]
7f099ca0f000-7f099ca10000 ---p 00000000 00:00 0 
7f099ca10000-7f099cb10000 rw-p 00000000 00:00 0                          [stack:5124]
7f099cb10000-7f099cb11000 ---p 00000000 00:00 0 
7f099cb11000-7f099cc11000 rw-p 00000000 00:00 0                          [stack:5123]
7f099cc11000-7f099cc12000 ---p 00000000 00:00 0 
7f099cc12000-7f099cd12000 rw-p 00000000 00:00 0                          [stack:5121]
7f099cd12000-7f099cd13000 ---p 00000000 00:00 0 
7f099cd13000-7f099ce13000 rw-p 00000000 00:00 0                          [stack:5120]
7f099ce13000-7f099ce14000 ---p 00000000 00:00 0 
7f099ce14000-7f099cf14000 rw-p 00000000 00:00 0                          [stack:5122]
7f099cf14000-7f099cf15000 r-xp 00000000 08:01 4195201                    /usr/lib/vlc/plugins/video_filter/libyuvp_plugin.so
7f099cf15000-7f099d115000 ---p 00001000 08:01 4195201                    /usr/lib/vlc/plugins/video_filter/libyuvp_plugin.so
7f099d115000-7f099d116000 r--p 00001000 08:01 4195201                    /usr/lib/vlc/plugins/video_filter/libyuvp_plugin.so
7f099d116000-7f099d117000 rw-p 00002000 08:01 4195201                    /usr/lib/vlc/plugins/video_filter/libyuvp_plugin.so
7f099d117000-7f099d119000 r-xp 00000000 08:01 4195183                    /usr/lib/vlc/plugins/video_filter/libscale_plugin.so
7f099d119000-7f099d318000 ---p 00002000 08:01 4195183                    /usr/lib/vlc/plugins/video_filter/libscale_plugin.so
7f099d318000-7f099d319000 r--p 00001000 08:01 4195183                    /usr/lib/vlc/plugins/video_filter/libscale_plugin.so
7f099d319000-7f099d31a000 rw-p 00002000 08:01 4195183                    /usr/lib/vlc/plugins/video_filter/libscale_plugin.so
7f099d31a000-7f099d31c000 r-xp 00000000 08:01 4195116                    /usr/lib/vlc/plugins/video_chroma/libi422_i420_plugin.so
7f099d31c000-7f099d51b000 ---p 00002000 08:01 4195116                    /usr/lib/vlc/plugins/video_chroma/libi422_i420_plugin.so
7f099d51b000-7f099d51c000 r--p 00001000 08:01 4195116                    /usr/lib/vlc/plugins/video_chroma/libi422_i420_plugin.so
7f099d51c000-7f099d51d000 rw-p 00002000 08:01 4195116                    /usr/lib/vlc/plugins/video_chroma/libi422_i420_plugin.so
7f099d51d000-7f099d520000 r-xp 00000000 08:01 4195112                    /usr/lib/vlc/plugins/video_chroma/libi420_yuy2_plugin.so
7f099d520000-7f099d71f000 ---p 00003000 08:01 4195112                    /usr/lib/vlc/plugins/video_chroma/libi420_yuy2_plugin.so
7f099d71f000-7f099d720000 r--p 00002000 08:01 4195112                    /usr/lib/vlc/plugins/video_chroma/libi420_yuy2_plugin.so
7f099d720000-7f099d721000 rw-p 00003000 08:01 4195112                    /usr/lib/vlc/plugins/video_chroma/libi420_yuy2_plugin.so
7f099d721000-7f099d723000 r-xp 00000000 08:01 4195113                    /usr/lib/vlc/plugins/video_chroma/libi422_yuy2_plugin.so
7f099d723000-7f099d923000 ---p 00002000 08:01 4195113                    /usr/lib/vlc/plugins/video_chroma/libi422_yuy2_plugin.so
7f099d923000-7f099d924000 r--p 00002000 08:01 4195113                    /usr/lib/vlc/plugins/video_chroma/libi422_yuy2_plugin.so
7f099d924000-7f099d925000 rw-p 00003000 08:01 4195113                    /usr/lib/vlc/plugins/video_chroma/libi422_yuy2_plugin.so
7f099d925000-7f099d928000 r-xp 00000000 08:01 4195121                    /usr/lib/vlc/plugins/video_chroma/libyuy2_i420_plugin.so
7f099d928000-7f099db27000 ---p 00003000 08:01 4195121                    /usr/lib/vlc/plugins/video_chroma/libyuy2_i420_plugin.so
7f099db27000-7f099db28000 r--p 00002000 08:01 4195121                    /usr/lib/vlc/plugins/video_chroma/libyuy2_i420_plugin.so
7f099db28000-7f099db29000 rw-p 00003000 08:01 4195121                    /usr/lib/vlc/plugins/video_chroma/libyuy2_i420_plugin.so
7f099db29000-7f099db2b000 r-xp 00000000 08:01 4195111                    /usr/lib/vlc/plugins/video_chroma/libyuy2_i422_plugin.so
7f099db2b000-7f099dd2a000 ---p 00002000 08:01 4195111                    /usr/lib/vlc/plugins/video_chroma/libyuy2_i422_plugin.so
7f099dd2a000-7f099dd2b000 r--p 00001000 08:01 4195111                    /usr/lib/vlc/plugins/video_chroma/libyuy2_i422_plugin.so
7f099dd2b000-7f099dd2c000 rw-p 00002000 08:01 4195111                    /usr/lib/vlc/plugins/video_chroma/libyuy2_i422_plugin.so
7f099dd2c000-7f099dd33000 r-xp 00000000 08:01 4195117                    /usr/lib/vlc/plugins/video_chroma/libi420_rgb_plugin.so
7f099dd33000-7f099df32000 ---p 00007000 08:01 4195117                    /usr/lib/vlc/plugins/video_chroma/libi420_rgb_plugin.so
7f099df32000-7f099df33000 r--p 00006000 08:01 4195117                    /usr/lib/vlc/plugins/video_chroma/libi420_rgb_plugin.so
7f099df33000-7f099df34000 rw-p 00007000 08:01 4195117                    /usr/lib/vlc/plugins/video_chroma/libi420_rgb_plugin.so
7f099df34000-7f099df36000 r-xp 00000000 08:01 4195114                    /usr/lib/vlc/plugins/video_chroma/libgrey_yuv_plugin.so
7f099df36000-7f099e135000 ---p 00002000 08:01 4195114                    /usr/lib/vlc/plugins/video_chroma/libgrey_yuv_plugin.so
7f099e135000-7f099e136000 r--p 00001000 08:01 4195114                    /usr/lib/vlc/plugins/video_chroma/libgrey_yuv_plugin.so
7f099e136000-7f099e137000 rw-p 00002000 08:01 4195114                    /usr/lib/vlc/plugins/video_chroma/libgrey_yuv_plugin.so
7f099e137000-7f099e13a000 r-xp 00000000 08:01 4202962                    /usr/lib/vlc/plugins/mmx/libi422_yuy2_mmx_plugin.so
7f099e13a000-7f099e339000 ---p 00003000 08:01 4202962                    /usr/lib/vlc/plugins/mmx/libi422_yuy2_mmx_plugin.so
7f099e339000-7f099e33a000 r--p 00002000 08:01 4202962                    /usr/lib/vlc/plugins/mmx/libi422_yuy2_mmx_plugin.so
7f099e33a000-7f099e33b000 rw-p 00003000 08:01 4202962                    /usr/lib/vlc/plugins/mmx/libi422_yuy2_mmx_plugin.so
7f099e33b000-7f099e346000 r-xp 00000000 08:01 4202960                    /usr/lib/vlc/plugins/mmx/libi420_rgb_mmx_plugin.so
7f099e346000-7f099e545000 ---p 0000b000 08:01 4202960                    /usr/lib/vlc/plugins/mmx/libi420_rgb_mmx_plugin.so
7f099e545000-7f099e546000 r--p 0000a000 08:01 4202960                    /usr/lib/vlc/plugins/mmx/libi420_rgb_mmx_plugin.so
7f099e546000-7f099e547000 rw-p 0000b000 08:01 4202960                    /usr/lib/vlc/plugins/mmx/libi420_rgb_mmx_plugin.so
7f099e547000-7f099e54c000 r-xp 00000000 08:01 4195108                    /usr/lib/vlc/plugins/sse2/libi422_yuy2_sse2_plugin.so
7f099e54c000-7f099e74b000 ---p 00005000 08:01 4195108                    /usr/lib/vlc/plugins/sse2/libi422_yuy2_sse2_plugin.so
7f099e74b000-7f099e74c000 r--p 00004000 08:01 4195108                    /usr/lib/vlc/plugins/sse2/libi422_yuy2_sse2_plugin.so
7f099e74c000-7f099e74d000 rw-p 00005000 08:01 4195108                    /usr/lib/vlc/plugins/sse2/libi422_yuy2_sse2_plugin.so
7f099e74d000-7f099e768000 r-xp 00000000 08:01 4195107                    /usr/lib/vlc/plugins/sse2/libi420_rgb_sse2_plugin.so
7f099e768000-7f099e967000 ---p 0001b000 08:01 4195107                    /usr/lib/vlc/plugins/sse2/libi420_rgb_sse2_plugin.so
7f099e967000-7f099e968000 r--p 0001a000 08:01 4195107                    /usr/lib/vlc/plugins/sse2/libi420_rgb_sse2_plugin.so
7f099e968000-7f099e969000 rw-p 0001b000 08:01 4195107                    /usr/lib/vlc/plugins/sse2/libi420_rgb_sse2_plugin.so
7f099e969000-7f099e9ae000 r-xp 00000000 08:01 3933259                    /usr/lib/x86_64-linux-gnu/libswscale.so.2.1.1
7f099e9ae000-7f099ebae000 ---p 00045000 08:01 3933259                    /usr/lib/x86_64-linux-gnu/libswscale.so.2.1.1
7f099ebae000-7f099ebaf000 r--p 00045000 08:01 3933259                    /usr/lib/x86_64-linux-gnu/libswscale.so.2.1.1
7f099ebaf000-7f099ebb0000 rw-p 00046000 08:01 3933259                    /usr/lib/x86_64-linux-gnu/libswscale.so.2.1.1
7f099ebb0000-7f099ebb4000 r-xp 00000000 08:01 4195210                    /usr/lib/vlc/plugins/video_filter/libswscale_plugin.so
7f099ebb4000-7f099edb3000 ---p 00004000 08:01 4195210                    /usr/lib/vlc/plugins/video_filter/libswscale_plugin.so
7f099edb3000-7f099edb4000 r--p 00003000 08:01 4195210                    /usr/lib/vlc/plugins/video_filter/libswscale_plugin.so
7f099edb4000-7f099edb5000 rw-p 00004000 08:01 4195210                    /usr/lib/vlc/plugins/video_filter/libswscale_plugin.so
7f099edb5000-7f099edb8000 r-xp 00000000 08:01 4202961                    /usr/lib/vlc/plugins/mmx/libi420_yuy2_mmx_plugin.so
7f099edb8000-7f099efb7000 ---p 00003000 08:01 4202961                    /usr/lib/vlc/plugins/mmx/libi420_yuy2_mmx_plugin.so
7f099efb7000-7f099efb8000 r--p 00002000 08:01 4202961                    /usr/lib/vlc/plugins/mmx/libi420_yuy2_mmx_plugin.so
7f099efb8000-7f099efb9000 rw-p 00003000 08:01 4202961                    /usr/lib/vlc/plugins/mmx/libi420_yuy2_mmx_plugin.so
7f099efc1000-7f099f077000 r--p 00000000 08:01 5114032                    /usr/share/fonts/truetype/dejavu/DejaVuSans.ttf
7f099f077000-7f099f094000 rw-s 00000000 00:04 13926689                   /SYSV00000000 (deleted)
7f099f094000-7f099f0b1000 rw-s 00000000 00:04 13893920                   /SYSV00000000 (deleted)
7f099f0b1000-7f099f0ce000 rw-s 00000000 00:04 13861151                   /SYSV00000000 (deleted)
7f099f0ce000-7f099f0eb000 rw-s 00000000 00:04 13828382                   /SYSV00000000 (deleted)
7f099f0eb000-7f099f108000 rw-s 00000000 00:04 13795613                   /SYSV00000000 (deleted)
7f099f108000-7f099f125000 rw-s 00000000 00:04 13762844                   /SYSV00000000 (deleted)
7f099f14a000-7f099f167000 r--p 00000000 08:01 2366633                    /etc/ld.so.cache
7f099f167000-7f099f184000 rw-s 00000000 00:04 16482671                   /SYSV00000000 (deleted)
7f099f184000-7f099f1a1000 rw-s 00000000 00:04 16449902                   /SYSV00000000 (deleted)
7f099f1a1000-7f099f1be000 rw-s 00000000 00:04 16351595                   /SYSV00000000 (deleted)
7f099f1be000-7f099f1db000 rw-s 00000000 00:04 16056674                   /SYSV00000000 (deleted)
7f099f1db000-7f099f1e0000 r-xp 00000000 08:01 4195109                    /usr/lib/vlc/plugins/sse2/libi420_yuy2_sse2_plugin.so
7f099f1e0000-7f099f3df000 ---p 00005000 08:01 4195109                    /usr/lib/vlc/plugins/sse2/libi420_yuy2_sse2_plugin.so
7f099f3df000-7f099f3e0000 r--p 00004000 08:01 4195109                    /usr/lib/vlc/plugins/sse2/libi420_yuy2_sse2_plugin.so
7f099f3e0000-7f099f3e1000 rw-p 00005000 08:01 4195109                    /usr/lib/vlc/plugins/sse2/libi420_yuy2_sse2_plugin.so
